<?xml version="1.0" encoding="UTF-8"?>
<!-- Generated by org.testng.reporters.JUnitReportReporter -->
<testsuite skipped="0" hostname="DESKTOP-3NCUCEE" name="com.selenium.preparation.HomePage" tests="2" failures="0" timestamp="12 May 2021 18:38:30 GMT" time="0.017" errors="0">
  <testcase name="testTwo" time="0.004" classname="com.selenium.preparation.HomePage"/>
  <testcase name="testOne" time="0.013" classname="com.selenium.preparation.HomePage"/>
</testsuite> <!-- com.selenium.preparation.HomePage -->
